#! /usr/local/bin/vvp
:ivl_version "12.0 (stable)";
:ivl_delay_selection "TYPICAL";
:vpi_time_precision + 0;
:vpi_module "/usr/local/lib/ivl/system.vpi";
:vpi_module "/usr/local/lib/ivl/vhdl_sys.vpi";
:vpi_module "/usr/local/lib/ivl/vhdl_textio.vpi";
:vpi_module "/usr/local/lib/ivl/v2005_math.vpi";
:vpi_module "/usr/local/lib/ivl/va_math.vpi";
:vpi_module "/usr/local/lib/ivl/v2009.vpi";
S_0x35f564b0 .scope package, "$unit" "$unit" 2 1;
 .timescale 0 0;
S_0x35f56640 .scope module, "tb_sr_flipflop" "tb_sr_flipflop" 3 1;
 .timescale 0 0;
v0x35f6c5c0_0 .net "Q", 0 0, v0x35f2f880_0;  1 drivers
v0x35f6c680_0 .net "Qbar", 0 0, v0x35f6c0a0_0;  1 drivers
v0x35f6c750_0 .var "R", 0 0;
v0x35f6c850_0 .var "S", 0 0;
v0x35f6c920_0 .var "clk", 0 0;
v0x35f6ca10_0 .var "reset", 0 0;
S_0x35f2f580 .scope module, "uut" "sr_flipflop" 3 5, 4 1 0, S_0x35f56640;
 .timescale 0 0;
    .port_info 0 /INPUT 1 "clk";
    .port_info 1 /INPUT 1 "reset";
    .port_info 2 /INPUT 1 "S";
    .port_info 3 /INPUT 1 "R";
    .port_info 4 /OUTPUT 1 "Q";
    .port_info 5 /OUTPUT 1 "Qbar";
v0x35f2f880_0 .var "Q", 0 0;
v0x35f6c0a0_0 .var "Qbar", 0 0;
v0x35f6c160_0 .net "R", 0 0, v0x35f6c750_0;  1 drivers
v0x35f6c230_0 .net "S", 0 0, v0x35f6c850_0;  1 drivers
v0x35f6c2f0_0 .net "clk", 0 0, v0x35f6c920_0;  1 drivers
v0x35f6c400_0 .net "reset", 0 0, v0x35f6ca10_0;  1 drivers
E_0x35f2f840 .event posedge, v0x35f6c400_0, v0x35f6c2f0_0;
    .scope S_0x35f2f580;
T_0 ;
    %wait E_0x35f2f840;
    %load/vec4 v0x35f6c400_0;
    %flag_set/vec4 8;
    %jmp/0xz  T_0.0, 8;
    %pushi/vec4 0, 0, 1;
    %assign/vec4 v0x35f2f880_0, 0;
    %pushi/vec4 1, 0, 1;
    %assign/vec4 v0x35f6c0a0_0, 0;
    %jmp T_0.1;
T_0.0 ;
    %load/vec4 v0x35f6c230_0;
    %load/vec4 v0x35f6c160_0;
    %concat/vec4; draw_concat_vec4
    %dup/vec4;
    %pushi/vec4 0, 0, 2;
    %cmp/u;
    %jmp/1 T_0.2, 6;
    %dup/vec4;
    %pushi/vec4 1, 0, 2;
    %cmp/u;
    %jmp/1 T_0.3, 6;
    %dup/vec4;
    %pushi/vec4 2, 0, 2;
    %cmp/u;
    %jmp/1 T_0.4, 6;
    %dup/vec4;
    %pushi/vec4 3, 0, 2;
    %cmp/u;
    %jmp/1 T_0.5, 6;
    %jmp T_0.6;
T_0.2 ;
    %jmp T_0.6;
T_0.3 ;
    %pushi/vec4 0, 0, 1;
    %assign/vec4 v0x35f2f880_0, 0;
    %pushi/vec4 1, 0, 1;
    %assign/vec4 v0x35f6c0a0_0, 0;
    %jmp T_0.6;
T_0.4 ;
    %pushi/vec4 1, 0, 1;
    %assign/vec4 v0x35f2f880_0, 0;
    %pushi/vec4 0, 0, 1;
    %assign/vec4 v0x35f6c0a0_0, 0;
    %jmp T_0.6;
T_0.5 ;
    %pushi/vec4 1, 1, 1;
    %assign/vec4 v0x35f2f880_0, 0;
    %pushi/vec4 1, 1, 1;
    %assign/vec4 v0x35f6c0a0_0, 0;
    %jmp T_0.6;
T_0.6 ;
    %pop/vec4 1;
T_0.1 ;
    %jmp T_0;
    .thread T_0;
    .scope S_0x35f56640;
T_1 ;
    %delay 5, 0;
    %load/vec4 v0x35f6c920_0;
    %inv;
    %store/vec4 v0x35f6c920_0, 0, 1;
    %jmp T_1;
    .thread T_1;
    .scope S_0x35f56640;
T_2 ;
    %vpi_call/w 3 10 "$dumpfile", "sr_flipflop.vcd" {0 0 0};
    %vpi_call/w 3 11 "$dumpvars" {0 0 0};
    %vpi_call/w 3 12 "$monitor", "Time=%0t | S=%b R=%b | Q=%b Qbar=%b", $time, v0x35f6c850_0, v0x35f6c750_0, v0x35f6c5c0_0, v0x35f6c680_0 {0 0 0};
    %pushi/vec4 0, 0, 1;
    %store/vec4 v0x35f6c920_0, 0, 1;
    %pushi/vec4 1, 0, 1;
    %store/vec4 v0x35f6ca10_0, 0, 1;
    %pushi/vec4 0, 0, 1;
    %store/vec4 v0x35f6c850_0, 0, 1;
    %pushi/vec4 0, 0, 1;
    %store/vec4 v0x35f6c750_0, 0, 1;
    %delay 10, 0;
    %pushi/vec4 0, 0, 1;
    %store/vec4 v0x35f6ca10_0, 0, 1;
    %pushi/vec4 1, 0, 1;
    %store/vec4 v0x35f6c850_0, 0, 1;
    %pushi/vec4 0, 0, 1;
    %store/vec4 v0x35f6c750_0, 0, 1;
    %delay 10, 0;
    %pushi/vec4 0, 0, 1;
    %store/vec4 v0x35f6c850_0, 0, 1;
    %pushi/vec4 1, 0, 1;
    %store/vec4 v0x35f6c750_0, 0, 1;
    %delay 10, 0;
    %pushi/vec4 0, 0, 1;
    %store/vec4 v0x35f6c850_0, 0, 1;
    %pushi/vec4 0, 0, 1;
    %store/vec4 v0x35f6c750_0, 0, 1;
    %delay 10, 0;
    %pushi/vec4 1, 0, 1;
    %store/vec4 v0x35f6c850_0, 0, 1;
    %pushi/vec4 1, 0, 1;
    %store/vec4 v0x35f6c750_0, 0, 1;
    %delay 10, 0;
    %vpi_call/w 3 21 "$finish" {0 0 0};
    %end;
    .thread T_2;
# The file index is used to find the file name in the following table.
:file_names 5;
    "N/A";
    "<interactive>";
    "-";
    "testbench.sv";
    "design.sv";
